<?xml version="1.0" encoding="UTF-8"?>
<testng-results skipped="0" failed="0" total="1" passed="1">
  <reporter-output>
  </reporter-output>
  <suite name="Default suite" duration-ms="14299" started-at="2018-01-27T16:27:11Z" finished-at="2018-01-27T16:27:25Z">
    <groups>
    </groups>
    <test name="Default test" duration-ms="14299" started-at="2018-01-27T16:27:11Z" finished-at="2018-01-27T16:27:25Z">
      <class name="pom.LoginTEstCase">
        <test-method status="PASS" signature="login()[pri:0, instance:pom.LoginTEstCase@c88a337]" name="login" duration-ms="14245" started-at="2018-01-27T21:57:11Z" finished-at="2018-01-27T21:57:25Z">
          <reporter-output>
          </reporter-output>
        </test-method> <!-- login -->
      </class> <!-- pom.LoginTEstCase -->
    </test> <!-- Default test -->
  </suite> <!-- Default suite -->
</testng-results>
